[2025-12-16 22:16:41] Loading hotels from hotels_manual.csv (skipping Google Places scrape)
[2025-12-16 22:16:41] 
PHASE 2: Processing 3 hotels with Playwright
[2025-12-16 22:16:41] 3 hotels remaining to process
[2025-12-16 22:16:42] [2/3] The Biltmore Hotel | https://www.biltmorehotel.com
[2025-12-16 22:16:42] [1/3] The Setai Miami Beach | https://www.thesetaihotel.com
[2025-12-16 22:16:42] [3/3] The Plymouth Hotel | https://www.theplymouthmiami.com
[2025-12-16 22:16:47]   Loaded: thesetaihotel.com
[2025-12-16 22:16:47]   Loaded: biltmorehotel.com
[2025-12-16 22:16:50]   Loaded: theplymouth.com
[2025-12-16 22:19:51]   Engine: SynXis / TravelClick (n/a)
[2025-12-16 22:21:21]   Engine: SynXis / TravelClick (n/a)
[2025-12-16 22:21:51]   Engine: SynXis / TravelClick (n/a)
[2025-12-16 22:21:51] 
============================================================
[2025-12-16 22:21:51] COMPLETE!
[2025-12-16 22:21:51] Processed: 3 hotels
[2025-12-16 22:21:51] Known booking engines: 3
[2025-12-16 22:21:51] Errors: 0
[2025-12-16 22:21:51] Output: sadie_leads.csv
[2025-12-16 22:21:51] Screenshots: screenshots/
[2025-12-16 22:21:51] ============================================================
