[2025-12-16 22:23:21] Sadie Detector - Booking Engine Detection
[2025-12-16 22:23:21] Loaded 3 hotels from hotels_manual.csv
[2025-12-16 22:23:21] 3 hotels remaining to process
[2025-12-16 22:23:21] [1/3] The Setai Miami Beach | https://www.thesetaihotel.com
[2025-12-16 22:23:21] [2/3] The Biltmore Hotel | https://www.biltmorehotel.com
[2025-12-16 22:23:21] [3/3] The Plymouth Hotel | https://www.theplymouthmiami.com
[2025-12-16 22:23:26]   Loaded: biltmorehotel.com
[2025-12-16 22:23:29]   Loaded: thesetaihotel.com
[2025-12-16 22:23:31]   Loaded: theplymouth.com
[2025-12-16 22:24:36]   Booking URL: https://be.synxis.com/?NCK=8886257500&chain=24447&currency=USD&hotel=7030&level=hotel&locale=en-US&arrive=12%2F16%2F2025&depart=12%2F19%2F2025&adult=Adults&child=0&_gl=1*1hx1uya*_gcl_au*MTc0NTUyMDEuMTc2NTkxNjYwNw..*_ga*NzgwODM5MTY0LjE3NjU5MTY2MDk.*_ga_73F5DFV2G5*czE3NjU5MTY2MDkkbzEkZzEkdDE3NjU5MTY2NzMkajYwJGwwJGgw
[2025-12-16 22:24:36]   Screenshot: The_Setai_Miami_Beach_20251216_222436.png
[2025-12-16 22:24:36]   Engine: SynXis / TravelClick (synxis.com)
[2025-12-16 22:26:30]   Engine: SynXis / TravelClick (n/a)
[2025-12-16 22:28:32]   Engine: SynXis / TravelClick (n/a)
[2025-12-16 22:28:32] 
============================================================
[2025-12-16 22:28:32] COMPLETE!
[2025-12-16 22:28:32] Processed: 3 hotels
[2025-12-16 22:28:32] Known booking engines: 3
[2025-12-16 22:28:32] Errors: 0
[2025-12-16 22:28:32] Output: sadie_leads.csv
[2025-12-16 22:28:32] Screenshots: screenshots/
[2025-12-16 22:28:32] ============================================================
